build/outputs/logs/manifest-merger-debug-report.txt
-- Merging decision tree log ---
manifest
ADDED from src\main\AndroidManifest.xml:2:1-61:12
	xmlns:android
		ADDED from src\main\AndroidManifest.xml:2:11-69
	package
		ADDED from src\main\AndroidManifest.xml:3:5-46
	android:versionName
		ADDED from src\main\AndroidManifest.xml:5:5-30
		INJECTED from src\main\AndroidManifest.xml
		INJECTED from src\main\AndroidManifest.xml
	android:versionCode
		ADDED from src\main\AndroidManifest.xml:4:5-28
		INJECTED from src\main\AndroidManifest.xml
		INJECTED from src\main\AndroidManifest.xml
uses-sdk
ADDED from src\main\AndroidManifest.xml:7:5-44
MERGED from [com.android.support:appcompat-v7:19.1.0] AndroidManifest.xml:18:5-42
	android:minSdkVersion
		ADDED from src\main\AndroidManifest.xml:7:15-41
uses-permission#android.permission.WRITE_EXTERNAL_STORAGE
ADDED from src\main\AndroidManifest.xml:9:5-81
	android:name
		ADDED from src\main\AndroidManifest.xml:9:22-78
uses-permission#android.permission.READ_PHONE_STATE
ADDED from src\main\AndroidManifest.xml:10:5-75
	android:name
		ADDED from src\main\AndroidManifest.xml:10:22-72
uses-permission#android.permission.READ_EXTERNAL_STORAGE
ADDED from src\main\AndroidManifest.xml:11:5-80
	android:name
		ADDED from src\main\AndroidManifest.xml:11:22-77
application
ADDED from src\main\AndroidManifest.xml:13:5-59:19
MERGED from [com.android.support:appcompat-v7:19.1.0] AndroidManifest.xml:19:5-20
	android:label
		ADDED from src\main\AndroidManifest.xml:15:9-41
	android:icon
		ADDED from src\main\AndroidManifest.xml:14:9-45
uses-library#com.android.future.usb.accessory
ADDED from src\main\AndroidManifest.xml:16:9-18:40
	android:required
		ADDED from src\main\AndroidManifest.xml:18:13-37
	android:name
		ADDED from src\main\AndroidManifest.xml:17:13-60
service#ioio.examples.hello_service_ipc.HelloIOIOService
ADDED from src\main\AndroidManifest.xml:20:9-22:41
	android:process
		ADDED from src\main\AndroidManifest.xml:22:13-38
	android:name
		ADDED from src\main\AndroidManifest.xml:21:13-76
activity#ioio.examples.hello_service_ipc.MainActivity
ADDED from src\main\AndroidManifest.xml:24:9-57:20
	android:label
		ADDED from src\main\AndroidManifest.xml:26:13-45
	android:name
		ADDED from src\main\AndroidManifest.xml:25:13-72
	android:launchMode
		ADDED from src\main\AndroidManifest.xml:27:13-44
intent-filter#android.intent.action.MAIN+android.intent.category.LAUNCHER
ADDED from src\main\AndroidManifest.xml:28:13-32:29
action#android.intent.action.MAIN
ADDED from src\main\AndroidManifest.xml:29:17-69
	android:name
		ADDED from src\main\AndroidManifest.xml:29:25-66
category#android.intent.category.LAUNCHER
ADDED from src\main\AndroidManifest.xml:31:17-77
	android:name
		ADDED from src\main\AndroidManifest.xml:31:27-74
intent-filter#android.hardware.usb.action.USB_ACCESSORY_ATTACHED
ADDED from src\main\AndroidManifest.xml:33:13-35:29
action#android.hardware.usb.action.USB_ACCESSORY_ATTACHED
ADDED from src\main\AndroidManifest.xml:34:17-93
	android:name
		ADDED from src\main\AndroidManifest.xml:34:25-90
intent-filter#android.hardware.usb.action.USB_DEVICE_ATTACHED
ADDED from src\main\AndroidManifest.xml:36:13-38:29
action#android.hardware.usb.action.USB_DEVICE_ATTACHED
ADDED from src\main\AndroidManifest.xml:37:17-90
	android:name
		ADDED from src\main\AndroidManifest.xml:37:25-87
intent-filter#com.examples.hello_service_ipc.IOIO_DISCONNECTED
ADDED from src\main\AndroidManifest.xml:40:13-43:29
action#com.examples.hello_service_ipc.IOIO_DISCONNECTED
ADDED from src\main\AndroidManifest.xml:41:17-42:26
	android:name
		ADDED from src\main\AndroidManifest.xml:41:25-88
intent-filter#com.examples.hello_service_ipc.IOIO_CONNECTED
ADDED from src\main\AndroidManifest.xml:45:13-48:29
action#com.examples.hello_service_ipc.IOIO_CONNECTED
ADDED from src\main\AndroidManifest.xml:46:17-47:26
	android:name
		ADDED from src\main\AndroidManifest.xml:46:25-85
meta-data#android.hardware.usb.action.USB_ACCESSORY_ATTACHED
ADDED from src\main\AndroidManifest.xml:51:13-53:60
	android:resource
		ADDED from src\main\AndroidManifest.xml:53:17-57
	android:name
		ADDED from src\main\AndroidManifest.xml:52:17-82
meta-data#android.hardware.usb.action.USB_DEVICE_ATTACHED
ADDED from src\main\AndroidManifest.xml:54:13-56:57
	android:resource
		ADDED from src\main\AndroidManifest.xml:56:17-54
	android:name
		ADDED from src\main\AndroidManifest.xml:55:17-79
activity#ioio.examples.hello_service_ipc.SecondActivity
ADDED from src\main\AndroidManifest.xml:58:9-92
	android:name
		ADDED from src\main\AndroidManifest.xml:58:19-80
uses-permission#android.permission.INTERNET
ADDED from [com.github.ytai.ioio:IOIOLibAndroid:5.07] AndroidManifest.xml:7:5-67
MERGED from [com.github.ytai.ioio:IOIOLibAndroid:5.07] AndroidManifest.xml:7:5-67
MERGED from [com.github.ytai.ioio:IOIOLibAndroid:5.07] AndroidManifest.xml:7:5-67
MERGED from [com.github.ytai.ioio:IOIOLibAndroid:5.07] AndroidManifest.xml:7:5-67
	android:name
		ADDED from [com.github.ytai.ioio:IOIOLibAndroid:5.07] AndroidManifest.xml:7:22-64
uses-permission#android.permission.BLUETOOTH
ADDED from [com.github.ytai.ioio:IOIOLibAndroidBluetooth:5.07] AndroidManifest.xml:7:5-68
	android:name
		ADDED from [com.github.ytai.ioio:IOIOLibAndroidBluetooth:5.07] AndroidManifest.xml:7:22-65
uses-feature#android.hardware.usb.accessory
ADDED from [com.github.ytai.ioio:IOIOLibAndroidAccessory:5.07] AndroidManifest.xml:7:5-9:36
	android:required
		ADDED from [com.github.ytai.ioio:IOIOLibAndroidAccessory:5.07] AndroidManifest.xml:9:9-33
	android:name
		ADDED from [com.github.ytai.ioio:IOIOLibAndroidAccessory:5.07] AndroidManifest.xml:8:9-54
uses-feature#android.hardware.usb.host
ADDED from [com.github.ytai.ioio:IOIOLibAndroidDevice:5.07] AndroidManifest.xml:7:5-9:36
	android:required
		ADDED from [com.github.ytai.ioio:IOIOLibAndroidDevice:5.07] AndroidManifest.xml:9:9-33
	android:name
		ADDED from [com.github.ytai.ioio:IOIOLibAndroidDevice:5.07] AndroidManifest.xml:8:9-49